<?xml version="1.0" encoding="UTF-8"?>
<testsuite name="fizzplay.FizzPlayTest" tests="4" skipped="0" failures="0" errors="0" timestamp="2023-11-14T13:13:22" hostname="Davids-MacBook-Pro.local" time="0.034">
  <properties/>
  <testcase name="[1] 2, 2" classname="fizzplay.FizzPlayTest" time="0.029"/>
  <testcase name="[2] 3, Fizz" classname="fizzplay.FizzPlayTest" time="0.001"/>
  <testcase name="[3] 5, Buzz" classname="fizzplay.FizzPlayTest" time="0.0"/>
  <testcase name="[4] 15, FizzBuzz" classname="fizzplay.FizzPlayTest" time="0.0"/>
  <system-out><![CDATA[]]></system-out>
  <system-err><![CDATA[]]></system-err>
</testsuite>
