<?xml version="1.0" encoding="UTF-8"?>
<testsuite name="com.neopragma.rpn.RPNTest" tests="10" skipped="0" failures="0" errors="0" timestamp="2023-11-14T19:58:45" hostname="Davids-MacBook-Pro.local" time="0.061">
  <properties/>
  <testcase name="entering_a_number_adds_the_number_to_the_stack()" classname="com.neopragma.rpn.RPNTest" time="0.015"/>
  <testcase name="it_throws_when_wrong_number_of_operands_on_stack()" classname="com.neopragma.rpn.RPNTest" time="0.007"/>
  <testcase name="it_handles_adding_three_values()" classname="com.neopragma.rpn.RPNTest" time="0.002"/>
  <testcase name="it_throws_when_a_bogus_token_is_entered()" classname="com.neopragma.rpn.RPNTest" time="0.0"/>
  <testcase name="it_handles_a_complex_expression()" classname="com.neopragma.rpn.RPNTest" time="0.0"/>
  <testcase name="it_throws_when_a_null_is_entered()" classname="com.neopragma.rpn.RPNTest" time="0.001"/>
  <testcase name="[1] 5.0, 6.5, +, 11.5" classname="com.neopragma.rpn.RPNTest" time="0.012"/>
  <testcase name="[2] 2.0, 5.0, *, 10.0" classname="com.neopragma.rpn.RPNTest" time="0.001"/>
  <testcase name="[3] 4.0, 12.0, -, 8.0" classname="com.neopragma.rpn.RPNTest" time="0.0"/>
  <testcase name="[4] 3, 18, /, 6.0" classname="com.neopragma.rpn.RPNTest" time="0.0"/>
  <system-out><![CDATA[]]></system-out>
  <system-err><![CDATA[]]></system-err>
</testsuite>
